#
# A fatal error has been detected by the Java Runtime Environment:
#
#  EXCEPTION_ACCESS_VIOLATION (0xc0000005) at pc=0x00007fff10d31661, pid=28984, tid=33896
#
# JRE version: Java(TM) SE Runtime Environment (16.0+36) (build 16+36-2231)
# Java VM: Java HotSpot(TM) 64-Bit Server VM (16+36-2231, mixed mode, sharing, tiered, compressed oops, g1 gc, windows-amd64)
# Problematic frame:
# C  [flatlaf-windows-x86_64-17239416212433000.dll+0x1661]
#
# No core dump will be written. Minidumps are not enabled by default on client versions of Windows
#
# If you would like to submit a bug report, please visit:
#   https://bugreport.java.com/bugreport/crash.jsp
# The crash happened outside the Java Virtual Machine in native code.
# See problematic frame for where to report the bug.
#

---------------  S U M M A R Y ------------

Command Line: -Dfile.encoding=UTF-8 --module-path=D:\Documents\Eclipse Workspace\InventoryManagement\build\classes com.inventory.UI.LoginPage

Host: Intel(R) Core(TM) i7-10750H CPU @ 2.60GHz, 12 cores, 15G,  Windows 10 , 64 bit Build 19041 (10.0.19041.1023)
Time: Fri Jul 23 02:44:08 2021 India Standard Time elapsed time: 21.647240 seconds (0d 0h 0m 21s)

---------------  T H R E A D  ---------------

Current thread (0x0000012ce5379740):  JavaThread "AWT-Windows" daemon [_thread_in_native, id=33896, stack(0x000000067da00000,0x000000067db00000)]

Stack: [0x000000067da00000,0x000000067db00000],  sp=0x000000067dafe680,  free space=1017k
Native frames: (J=compiled Java code, j=interpreted, Vv=VM code, C=native code)
C  [flatlaf-windows-x86_64-17239416212433000.dll+0x1661]

Java frames: (J=compiled Java code, j=interpreted, Vv=VM code)
j  sun.awt.windows.WToolkit.eventLoop()V+0 java.desktop@16
j  sun.awt.windows.WToolkit.run()V+50 java.desktop@16
j  java.lang.Thread.run()V+11 java.base@16
v  ~StubRoutines::call_stub

siginfo: EXCEPTION_ACCESS_VIOLATION (0xc0000005), reading address 0x0000000000000020


Register to memory mapping:

RIP=0x00007fff10d31661 flatlaf-windows-x86_64-17239416212433000.dll
RAX=0x0 is NULL
RBX=0x0000000000009803 is an unknown value
RCX=0x0 is NULL
RDX=0x00000000012b065e is an unknown value
RSP=0x000000067dafe680 is pointing into the stack for thread: 0x0000012ce5379740
RBP=0x00000000012b065e is an unknown value
RSI=0x0 is NULL
RDI=0x0 is NULL
R8 =0x0000000000009803 is an unknown value
R9 =0x0 is NULL
R10=0x00007fff193235f0 USER32.dll
R11=0x0000000000000100 is an unknown value
R12=0x0 is NULL
R13=0x0000000000009803 is an unknown value
R14=0x0 is NULL
R15=0x00000000002201be is an unknown value


Registers:
RAX=0x0000000000000000, RBX=0x0000000000009803, RCX=0x0000000000000000, RDX=0x00000000012b065e
RSP=0x000000067dafe680, RBP=0x00000000012b065e, RSI=0x0000000000000000, RDI=0x0000000000000000
R8 =0x0000000000009803, R9 =0x0000000000000000, R10=0x00007fff193235f0, R11=0x0000000000000100
R12=0x0000000000000000, R13=0x0000000000009803, R14=0x0000000000000000, R15=0x00000000002201be
RIP=0x00007fff10d31661, EFLAGS=0x0000000000010202

Top of Stack: (sp=0x000000067dafe680)
0x000000067dafe680:   000000067dafe6a0 0000000000000000
0x000000067dafe690:   0000000000000000 0000000000000001
0x000000067dafe6a0:   0000012ce60ccc30 00007fff10d310c5
0x000000067dafe6b0:   0000012ce6966c00 fffffffffffffffe
0x000000067dafe6c0:   0000000000000000 0000000000000000
0x000000067dafe6d0:   0000000000000000 00007fff10d313f4
0x000000067dafe6e0:   00000000002201be 00000000012b065e
0x000000067dafe6f0:   0000000000009803 0000000000000000
0x000000067dafe700:   00000000002201be 0000012ce668ae90
0x000000067dafe710:   0000000080000022 00007fff1927e858
0x000000067dafe720:   0000000000000001 000000067dafe910
0x000000067dafe730:   0000000000000000 0000000000000000
0x000000067dafe740:   000000067dafe8a0 00007fff1586ae80
0x000000067dafe750:   0000012ce6966c00 0000012ce6966c00
0x000000067dafe760:   0000000000000000 0000000000000000
0x000000067dafe770:   8000002200000000 0000000000000000 

Instructions: (pc=0x00007fff10d31661)
0x00007fff10d31561:   b9 5c 00 00 00 8b d8 ff 15 22 1b 00 00 8b d3 b9
0x00007fff10d31571:   21 00 00 00 8b f8 ff 15 13 1b 00 00 03 f8 44 3b
0x00007fff10d31581:   f7 7d 18 ba f0 ff ff ff 48 8b cd ff 15 3e 1b 00
0x00007fff10d31591:   00 0f ba e0 12 73 04 b3 01 eb 02 32 db 48 8b 4e
0x00007fff10d315a1:   08 48 85 c9 75 32 48 8b 0e 48 8d 56 08 41 b8 02
0x00007fff10d315b1:   00 01 00 48 8b 01 ff 50 30 48 8b 4e 08 48 85 c9
0x00007fff10d315c1:   75 16 b8 01 00 00 00 84 db b9 0c 00 00 00 0f 45
0x00007fff10d315d1:   c1 48 98 e9 a0 00 00 00 4c 8b 05 28 2a 00 00 45
0x00007fff10d315e1:   8b cf 48 8b 56 10 0f b6 c3 89 44 24 28 44 89 74
0x00007fff10d315f1:   24 20 e8 58 fd ff ff 48 98 eb 7d 81 fb a5 00 00
0x00007fff10d31601:   00 74 3f 81 fb 20 03 00 00 75 55 48 8b 49 08 48
0x00007fff10d31611:   85 c9 75 1c 48 8b 0e 48 8d 56 08 41 b8 02 00 01
0x00007fff10d31621:   00 48 8b 01 ff 50 30 48 8b 4e 08 48 85 c9 74 30
0x00007fff10d31631:   4c 8b 05 e0 29 00 00 48 8b 56 10 e8 3f fd ff ff
0x00007fff10d31641:   eb 1e 49 8d 41 fe 48 83 f8 01 77 14 49 8b c7 45
0x00007fff10d31651:   0f bf c7 48 c1 e8 10 44 0f bf c8 e8 df 04 00 00
0x00007fff10d31661:   48 8b 4e 20 44 8b c3 4c 89 7c 24 20 4c 8b cf 48
0x00007fff10d31671:   8b d5 ff 15 47 1a 00 00 48 8b 5c 24 60 48 8b 6c
0x00007fff10d31681:   24 68 48 8b 74 24 70 48 83 c4 40 41 5f 41 5e 5f
0x00007fff10d31691:   c3 cc cc cc cc cc cc cc cc cc cc cc cc cc cc 48
0x00007fff10d316a1:   89 7c 24 18 4c 89 74 24 20 55 48 8d 6c 24 b1 48
0x00007fff10d316b1:   81 ec c0 00 00 00 48 8b f9 48 8b 49 20 4c 8b f2
0x00007fff10d316c1:   49 83 f9 01 74 14 48 8b 45 7f 48 89 44 24 20 ff
0x00007fff10d316d1:   15 ea 19 00 00 e9 da 01 00 00 48 89 9c 24 d0 00
0x00007fff10d316e1:   00 00 41 b9 01 00 00 00 48 8b 5d 7f 48 89 b4 24
0x00007fff10d316f1:   d8 00 00 00 48 89 5c 24 20 8b 73 04 ff 15 bd 19
0x00007fff10d31701:   00 00 48 85 c0 0f 85 99 01 00 00 49 8b ce 89 73
0x00007fff10d31711:   04 ff 15 90 19 00 00 85 c0 0f 84 83 01 00 00 48
0x00007fff10d31721:   8b 4f 08 48 85 c9 75 1c 48 8b 0f 48 8d 57 08 41
0x00007fff10d31731:   b8 02 00 01 00 48 8b 01 ff 50 30 48 8b 4f 08 48
0x00007fff10d31741:   85 c9 74 1b 4c 8b 05 c4 28 00 00 48 8b 57 10 e8
0x00007fff10d31751:   cb fb ff ff 0f b6 c0 85 c0 0f 85 43 01 00 00 48 


Stack slot to memory mapping:
stack at sp + 0 slots: 0x000000067dafe6a0 is pointing into the stack for thread: 0x0000012ce5379740
stack at sp + 1 slots: 0x0 is NULL
stack at sp + 2 slots: 0x0 is NULL
stack at sp + 3 slots: 0x0000000000000001 is an unknown value
stack at sp + 4 slots: 0x0000012ce60ccc30 points into unknown readable memory: 0x0000001400000000 | 00 00 00 00 14 00 00 00
stack at sp + 5 slots: 0x00007fff10d310c5 flatlaf-windows-x86_64-17239416212433000.dll
stack at sp + 6 slots: 0x0000012ce6966c00 points into unknown readable memory: 0x00007fff158e9d78 | 78 9d 8e 15 ff 7f 00 00
stack at sp + 7 slots: 0xfffffffffffffffe is an unknown value


---------------  P R O C E S S  ---------------

Threads class SMR info:
_java_thread_list=0x0000012ce508c050, length=17, elements={
0x0000012ce43c0ff0, 0x0000012ce43c1eb0, 0x0000012ce43cfc70, 0x0000012ce43d2690,
0x0000012ce43d3090, 0x0000012ce43d3a90, 0x0000012ce43d7d70, 0x0000012ce43e0870,
0x0000012ce43ed6e0, 0x0000012ce43a1bf0, 0x0000012ce514ec90, 0x0000012ce5343d70,
0x0000012ce5379220, 0x0000012ce5379740, 0x0000012ce53e5020, 0x0000012cc1447860,
0x0000012ce668ec30
}

Java Threads: ( => current thread )
  0x0000012ce43c0ff0 JavaThread "Reference Handler" daemon [_thread_blocked, id=24856, stack(0x000000067cc00000,0x000000067cd00000)]
  0x0000012ce43c1eb0 JavaThread "Finalizer" daemon [_thread_blocked, id=17108, stack(0x000000067cd00000,0x000000067ce00000)]
  0x0000012ce43cfc70 JavaThread "Signal Dispatcher" daemon [_thread_blocked, id=19736, stack(0x000000067ce00000,0x000000067cf00000)]
  0x0000012ce43d2690 JavaThread "Attach Listener" daemon [_thread_blocked, id=21140, stack(0x000000067cf00000,0x000000067d000000)]
  0x0000012ce43d3090 JavaThread "Service Thread" daemon [_thread_blocked, id=23684, stack(0x000000067d000000,0x000000067d100000)]
  0x0000012ce43d3a90 JavaThread "Monitor Deflation Thread" daemon [_thread_blocked, id=29660, stack(0x000000067d100000,0x000000067d200000)]
  0x0000012ce43d7d70 JavaThread "C2 CompilerThread0" daemon [_thread_blocked, id=28620, stack(0x000000067d200000,0x000000067d300000)]
  0x0000012ce43e0870 JavaThread "C1 CompilerThread0" daemon [_thread_blocked, id=32584, stack(0x000000067d300000,0x000000067d400000)]
  0x0000012ce43ed6e0 JavaThread "Sweeper thread" daemon [_thread_blocked, id=17404, stack(0x000000067d400000,0x000000067d500000)]
  0x0000012ce43a1bf0 JavaThread "Common-Cleaner" daemon [_thread_blocked, id=33840, stack(0x000000067d500000,0x000000067d600000)]
  0x0000012ce514ec90 JavaThread "Notification Thread" daemon [_thread_blocked, id=34100, stack(0x000000067d600000,0x000000067d700000)]
  0x0000012ce5343d70 JavaThread "Java2D Disposer" daemon [_thread_blocked, id=35728, stack(0x000000067d800000,0x000000067d900000)]
  0x0000012ce5379220 JavaThread "AWT-Shutdown" [_thread_blocked, id=17164, stack(0x000000067d900000,0x000000067da00000)]
=>0x0000012ce5379740 JavaThread "AWT-Windows" daemon [_thread_in_native, id=33896, stack(0x000000067da00000,0x000000067db00000)]
  0x0000012ce53e5020 JavaThread "AWT-EventQueue-0" [_thread_in_native, id=23776, stack(0x000000067dc00000,0x000000067dd00000)]
  0x0000012cc1447860 JavaThread "DestroyJavaVM" [_thread_blocked, id=31616, stack(0x000000067c500000,0x000000067c600000)]
  0x0000012ce668ec30 JavaThread "TimerQueue" daemon [_thread_blocked, id=34360, stack(0x000000067db00000,0x000000067dc00000)]

Other Threads:
  0x0000012ce43bb390 VMThread "VM Thread" [stack: 0x000000067cb00000,0x000000067cc00000] [id=30416]
  0x0000012cc1448860 WatcherThread [stack: 0x000000067d700000,0x000000067d800000] [id=21720]
  0x0000012cc14960c0 GCTaskThread "GC Thread#0" [stack: 0x000000067c600000,0x000000067c700000] [id=9676]
  0x0000012ce67ccda0 GCTaskThread "GC Thread#1" [stack: 0x000000067e000000,0x000000067e100000] [id=26420]
  0x0000012ce67cd0b0 GCTaskThread "GC Thread#2" [stack: 0x000000067e100000,0x000000067e200000] [id=12552]
  0x0000012ce6760850 GCTaskThread "GC Thread#3" [stack: 0x000000067e200000,0x000000067e300000] [id=34804]
  0x0000012ce6760b60 GCTaskThread "GC Thread#4" [stack: 0x000000067e300000,0x000000067e400000] [id=24972]
  0x0000012ce68239a0 GCTaskThread "GC Thread#5" [stack: 0x000000067e400000,0x000000067e500000] [id=28844]
  0x0000012ce804ece0 GCTaskThread "GC Thread#6" [stack: 0x000000067e500000,0x000000067e600000] [id=9424]
  0x0000012ce833af60 GCTaskThread "GC Thread#7" [stack: 0x000000067e600000,0x000000067e700000] [id=18824]
  0x0000012ce833b270 GCTaskThread "GC Thread#8" [stack: 0x000000067e700000,0x000000067e800000] [id=31760]
  0x0000012ce86e9da0 GCTaskThread "GC Thread#9" [stack: 0x000000067e800000,0x000000067e900000] [id=34132]
  0x0000012cc14a8ef0 ConcurrentGCThread "G1 Main Marker" [stack: 0x000000067c700000,0x000000067c800000] [id=12400]
  0x0000012cc14ab190 ConcurrentGCThread "G1 Conc#0" [stack: 0x000000067c800000,0x000000067c900000] [id=18144]
  0x0000012cc1529a80 ConcurrentGCThread "G1 Refine#0" [stack: 0x000000067c900000,0x000000067ca00000] [id=11624]
  0x0000012ce4272a90 ConcurrentGCThread "G1 Service" [stack: 0x000000067ca00000,0x000000067cb00000] [id=30384]

Threads with active compile tasks:

VM state: not at safepoint (normal execution)

VM Mutex/Monitor currently owned by a thread: None

Heap address: 0x0000000703200000, size: 4046 MB, Compressed Oops mode: Zero based, Oop shift amount: 3
CDS archive(s) mapped at: [0x0000000800000000-0x0000000800bb0000-0x0000000800bb0000), size 12255232, SharedBaseAddress: 0x0000000800000000, ArchiveRelocationMode: 0.
Compressed class space mapped at: 0x0000000800c00000-0x0000000840c00000, reserved size: 1073741824
Narrow klass base: 0x0000000800000000, Narrow klass shift: 3, Narrow klass range: 0x100000000

GC Precious Log:
 CPUs: 12 total, 12 available
 Memory: 16177M
 Large Page Support: Disabled
 NUMA Support: Disabled
 Compressed Oops: Enabled (Zero based)
 Heap Region Size: 2M
 Heap Min Capacity: 8M
 Heap Initial Capacity: 254M
 Heap Max Capacity: 4046M
 Pre-touch: Disabled
 Parallel Workers: 10
 Concurrent Workers: 3
 Concurrent Refinement Workers: 10
 Periodic GC: Disabled

Heap:
 garbage-first heap   total 260096K, used 26098K [0x0000000703200000, 0x0000000800000000)
  region size 2048K, 9 young (18432K), 2 survivors (4096K)
 Metaspace       used 12887K, committed 13056K, reserved 1064960K
  class space    used 1348K, committed 1408K, reserved 1048576K

Heap Regions: E=young(eden), S=young(survivor), O=old, HS=humongous(starts), HC=humongous(continues), CS=collection set, F=free, OA=open archive, CA=closed archive, TAMS=top-at-mark-start (previous, next)
|   0|0x0000000703200000, 0x0000000703400000, 0x0000000703400000|100%|HS|  |TAMS 0x0000000703200000, 0x0000000703200000| Complete 
|   1|0x0000000703400000, 0x0000000703600000, 0x0000000703600000|100%|HS|  |TAMS 0x0000000703400000, 0x0000000703400000| Complete 
|   2|0x0000000703600000, 0x0000000703800000, 0x0000000703800000|100%|HC|  |TAMS 0x0000000703600000, 0x0000000703600000| Complete 
|   3|0x0000000703800000, 0x0000000703a00000, 0x0000000703a00000|100%|HC|  |TAMS 0x0000000703800000, 0x0000000703800000| Complete 
|   4|0x0000000703a00000, 0x0000000703c00000, 0x0000000703c00000|100%|HC|  |TAMS 0x0000000703a00000, 0x0000000703a00000| Complete 
|   5|0x0000000703c00000, 0x0000000703c00000, 0x0000000703e00000|  0%| F|  |TAMS 0x0000000703c00000, 0x0000000703c00000| Untracked 
|   6|0x0000000703e00000, 0x0000000703e00000, 0x0000000704000000|  0%| F|  |TAMS 0x0000000703e00000, 0x0000000703e00000| Untracked 
|   7|0x0000000704000000, 0x0000000704000000, 0x0000000704200000|  0%| F|  |TAMS 0x0000000704000000, 0x0000000704000000| Untracked 
|   8|0x0000000704200000, 0x0000000704200000, 0x0000000704400000|  0%| F|  |TAMS 0x0000000704200000, 0x0000000704200000| Untracked 
|   9|0x0000000704400000, 0x0000000704400000, 0x0000000704600000|  0%| F|  |TAMS 0x0000000704400000, 0x0000000704400000| Untracked 
|  10|0x0000000704600000, 0x0000000704600000, 0x0000000704800000|  0%| F|  |TAMS 0x0000000704600000, 0x0000000704600000| Untracked 
|  11|0x0000000704800000, 0x0000000704800000, 0x0000000704a00000|  0%| F|  |TAMS 0x0000000704800000, 0x0000000704800000| Untracked 
|  12|0x0000000704a00000, 0x0000000704a00000, 0x0000000704c00000|  0%| F|  |TAMS 0x0000000704a00000, 0x0000000704a00000| Untracked 
|  13|0x0000000704c00000, 0x0000000704c00000, 0x0000000704e00000|  0%| F|  |TAMS 0x0000000704c00000, 0x0000000704c00000| Untracked 
|  14|0x0000000704e00000, 0x0000000704e00000, 0x0000000705000000|  0%| F|  |TAMS 0x0000000704e00000, 0x0000000704e00000| Untracked 
|  15|0x0000000705000000, 0x0000000705000000, 0x0000000705200000|  0%| F|  |TAMS 0x0000000705000000, 0x0000000705000000| Untracked 
|  16|0x0000000705200000, 0x0000000705200000, 0x0000000705400000|  0%| F|  |TAMS 0x0000000705200000, 0x0000000705200000| Untracked 
|  17|0x0000000705400000, 0x0000000705400000, 0x0000000705600000|  0%| F|  |TAMS 0x0000000705400000, 0x0000000705400000| Untracked 
|  18|0x0000000705600000, 0x0000000705600000, 0x0000000705800000|  0%| F|  |TAMS 0x0000000705600000, 0x0000000705600000| Untracked 
|  19|0x0000000705800000, 0x0000000705800000, 0x0000000705a00000|  0%| F|  |TAMS 0x0000000705800000, 0x0000000705800000| Untracked 
|  20|0x0000000705a00000, 0x0000000705a00000, 0x0000000705c00000|  0%| F|  |TAMS 0x0000000705a00000, 0x0000000705a00000| Untracked 
|  21|0x0000000705c00000, 0x0000000705c00000, 0x0000000705e00000|  0%| F|  |TAMS 0x0000000705c00000, 0x0000000705c00000| Untracked 
|  22|0x0000000705e00000, 0x0000000705e00000, 0x0000000706000000|  0%| F|  |TAMS 0x0000000705e00000, 0x0000000705e00000| Untracked 
|  23|0x0000000706000000, 0x0000000706000000, 0x0000000706200000|  0%| F|  |TAMS 0x0000000706000000, 0x0000000706000000| Untracked 
|  24|0x0000000706200000, 0x0000000706200000, 0x0000000706400000|  0%| F|  |TAMS 0x0000000706200000, 0x0000000706200000| Untracked 
|  25|0x0000000706400000, 0x0000000706400000, 0x0000000706600000|  0%| F|  |TAMS 0x0000000706400000, 0x0000000706400000| Untracked 
|  26|0x0000000706600000, 0x0000000706600000, 0x0000000706800000|  0%| F|  |TAMS 0x0000000706600000, 0x0000000706600000| Untracked 
|  27|0x0000000706800000, 0x0000000706800000, 0x0000000706a00000|  0%| F|  |TAMS 0x0000000706800000, 0x0000000706800000| Untracked 
|  28|0x0000000706a00000, 0x0000000706a00000, 0x0000000706c00000|  0%| F|  |TAMS 0x0000000706a00000, 0x0000000706a00000| Untracked 
|  29|0x0000000706c00000, 0x0000000706c00000, 0x0000000706e00000|  0%| F|  |TAMS 0x0000000706c00000, 0x0000000706c00000| Untracked 
|  30|0x0000000706e00000, 0x0000000706e00000, 0x0000000707000000|  0%| F|  |TAMS 0x0000000706e00000, 0x0000000706e00000| Untracked 
|  31|0x0000000707000000, 0x0000000707000000, 0x0000000707200000|  0%| F|  |TAMS 0x0000000707000000, 0x0000000707000000| Untracked 
|  32|0x0000000707200000, 0x0000000707200000, 0x0000000707400000|  0%| F|  |TAMS 0x0000000707200000, 0x0000000707200000| Untracked 
|  33|0x0000000707400000, 0x0000000707400000, 0x0000000707600000|  0%| F|  |TAMS 0x0000000707400000, 0x0000000707400000| Untracked 
|  34|0x0000000707600000, 0x0000000707600000, 0x0000000707800000|  0%| F|  |TAMS 0x0000000707600000, 0x0000000707600000| Untracked 
|  35|0x0000000707800000, 0x0000000707800000, 0x0000000707a00000|  0%| F|  |TAMS 0x0000000707800000, 0x0000000707800000| Untracked 
|  36|0x0000000707a00000, 0x0000000707a00000, 0x0000000707c00000|  0%| F|  |TAMS 0x0000000707a00000, 0x0000000707a00000| Untracked 
|  37|0x0000000707c00000, 0x0000000707c00000, 0x0000000707e00000|  0%| F|  |TAMS 0x0000000707c00000, 0x0000000707c00000| Untracked 
|  38|0x0000000707e00000, 0x0000000707e00000, 0x0000000708000000|  0%| F|  |TAMS 0x0000000707e00000, 0x0000000707e00000| Untracked 
|  39|0x0000000708000000, 0x0000000708000000, 0x0000000708200000|  0%| F|  |TAMS 0x0000000708000000, 0x0000000708000000| Untracked 
|  40|0x0000000708200000, 0x0000000708200000, 0x0000000708400000|  0%| F|  |TAMS 0x0000000708200000, 0x0000000708200000| Untracked 
|  41|0x0000000708400000, 0x0000000708400000, 0x0000000708600000|  0%| F|  |TAMS 0x0000000708400000, 0x0000000708400000| Untracked 
|  42|0x0000000708600000, 0x0000000708600000, 0x0000000708800000|  0%| F|  |TAMS 0x0000000708600000, 0x0000000708600000| Untracked 
|  43|0x0000000708800000, 0x0000000708800000, 0x0000000708a00000|  0%| F|  |TAMS 0x0000000708800000, 0x0000000708800000| Untracked 
|  44|0x0000000708a00000, 0x0000000708a00000, 0x0000000708c00000|  0%| F|  |TAMS 0x0000000708a00000, 0x0000000708a00000| Untracked 
|  45|0x0000000708c00000, 0x0000000708c00000, 0x0000000708e00000|  0%| F|  |TAMS 0x0000000708c00000, 0x0000000708c00000| Untracked 
|  46|0x0000000708e00000, 0x0000000708e00000, 0x0000000709000000|  0%| F|  |TAMS 0x0000000708e00000, 0x0000000708e00000| Untracked 
|  47|0x0000000709000000, 0x0000000709000000, 0x0000000709200000|  0%| F|  |TAMS 0x0000000709000000, 0x0000000709000000| Untracked 
|  48|0x0000000709200000, 0x0000000709200000, 0x0000000709400000|  0%| F|  |TAMS 0x0000000709200000, 0x0000000709200000| Untracked 
|  49|0x0000000709400000, 0x0000000709400000, 0x0000000709600000|  0%| F|  |TAMS 0x0000000709400000, 0x0000000709400000| Untracked 
|  50|0x0000000709600000, 0x0000000709600000, 0x0000000709800000|  0%| F|  |TAMS 0x0000000709600000, 0x0000000709600000| Untracked 
|  51|0x0000000709800000, 0x0000000709800000, 0x0000000709a00000|  0%| F|  |TAMS 0x0000000709800000, 0x0000000709800000| Untracked 
|  52|0x0000000709a00000, 0x0000000709a00000, 0x0000000709c00000|  0%| F|  |TAMS 0x0000000709a00000, 0x0000000709a00000| Untracked 
|  53|0x0000000709c00000, 0x0000000709c00000, 0x0000000709e00000|  0%| F|  |TAMS 0x0000000709c00000, 0x0000000709c00000| Untracked 
|  54|0x0000000709e00000, 0x0000000709e00000, 0x000000070a000000|  0%| F|  |TAMS 0x0000000709e00000, 0x0000000709e00000| Untracked 
|  55|0x000000070a000000, 0x000000070a000000, 0x000000070a200000|  0%| F|  |TAMS 0x000000070a000000, 0x000000070a000000| Untracked 
|  56|0x000000070a200000, 0x000000070a200000, 0x000000070a400000|  0%| F|  |TAMS 0x000000070a200000, 0x000000070a200000| Untracked 
|  57|0x000000070a400000, 0x000000070a400000, 0x000000070a600000|  0%| F|  |TAMS 0x000000070a400000, 0x000000070a400000| Untracked 
|  58|0x000000070a600000, 0x000000070a600000, 0x000000070a800000|  0%| F|  |TAMS 0x000000070a600000, 0x000000070a600000| Untracked 
|  59|0x000000070a800000, 0x000000070a800000, 0x000000070aa00000|  0%| F|  |TAMS 0x000000070a800000, 0x000000070a800000| Untracked 
|  60|0x000000070aa00000, 0x000000070aa00000, 0x000000070ac00000|  0%| F|  |TAMS 0x000000070aa00000, 0x000000070aa00000| Untracked 
|  61|0x000000070ac00000, 0x000000070ac00000, 0x000000070ae00000|  0%| F|  |TAMS 0x000000070ac00000, 0x000000070ac00000| Untracked 
|  62|0x000000070ae00000, 0x000000070ae00000, 0x000000070b000000|  0%| F|  |TAMS 0x000000070ae00000, 0x000000070ae00000| Untracked 
|  63|0x000000070b000000, 0x000000070b000000, 0x000000070b200000|  0%| F|  |TAMS 0x000000070b000000, 0x000000070b000000| Untracked 
|  64|0x000000070b200000, 0x000000070b200000, 0x000000070b400000|  0%| F|  |TAMS 0x000000070b200000, 0x000000070b200000| Untracked 
|  65|0x000000070b400000, 0x000000070b400000, 0x000000070b600000|  0%| F|  |TAMS 0x000000070b400000, 0x000000070b400000| Untracked 
|  66|0x000000070b600000, 0x000000070b600000, 0x000000070b800000|  0%| F|  |TAMS 0x000000070b600000, 0x000000070b600000| Untracked 
|  67|0x000000070b800000, 0x000000070b800000, 0x000000070ba00000|  0%| F|  |TAMS 0x000000070b800000, 0x000000070b800000| Untracked 
|  68|0x000000070ba00000, 0x000000070ba00000, 0x000000070bc00000|  0%| F|  |TAMS 0x000000070ba00000, 0x000000070ba00000| Untracked 
|  69|0x000000070bc00000, 0x000000070bc00000, 0x000000070be00000|  0%| F|  |TAMS 0x000000070bc00000, 0x000000070bc00000| Untracked 
|  70|0x000000070be00000, 0x000000070be00000, 0x000000070c000000|  0%| F|  |TAMS 0x000000070be00000, 0x000000070be00000| Untracked 
|  71|0x000000070c000000, 0x000000070c000000, 0x000000070c200000|  0%| F|  |TAMS 0x000000070c000000, 0x000000070c000000| Untracked 
|  72|0x000000070c200000, 0x000000070c200000, 0x000000070c400000|  0%| F|  |TAMS 0x000000070c200000, 0x000000070c200000| Untracked 
|  73|0x000000070c400000, 0x000000070c400000, 0x000000070c600000|  0%| F|  |TAMS 0x000000070c400000, 0x000000070c400000| Untracked 
|  74|0x000000070c600000, 0x000000070c600000, 0x000000070c800000|  0%| F|  |TAMS 0x000000070c600000, 0x000000070c600000| Untracked 
|  75|0x000000070c800000, 0x000000070c800000, 0x000000070ca00000|  0%| F|  |TAMS 0x000000070c800000, 0x000000070c800000| Untracked 
|  76|0x000000070ca00000, 0x000000070ca00000, 0x000000070cc00000|  0%| F|  |TAMS 0x000000070ca00000, 0x000000070ca00000| Untracked 
|  77|0x000000070cc00000, 0x000000070cc00000, 0x000000070ce00000|  0%| F|  |TAMS 0x000000070cc00000, 0x000000070cc00000| Untracked 
|  78|0x000000070ce00000, 0x000000070ce00000, 0x000000070d000000|  0%| F|  |TAMS 0x000000070ce00000, 0x000000070ce00000| Untracked 
|  79|0x000000070d000000, 0x000000070d000000, 0x000000070d200000|  0%| F|  |TAMS 0x000000070d000000, 0x000000070d000000| Untracked 
|  80|0x000000070d200000, 0x000000070d200000, 0x000000070d400000|  0%| F|  |TAMS 0x000000070d200000, 0x000000070d200000| Untracked 
|  81|0x000000070d400000, 0x000000070d400000, 0x000000070d600000|  0%| F|  |TAMS 0x000000070d400000, 0x000000070d400000| Untracked 
|  82|0x000000070d600000, 0x000000070d600000, 0x000000070d800000|  0%| F|  |TAMS 0x000000070d600000, 0x000000070d600000| Untracked 
|  83|0x000000070d800000, 0x000000070d800000, 0x000000070da00000|  0%| F|  |TAMS 0x000000070d800000, 0x000000070d800000| Untracked 
|  84|0x000000070da00000, 0x000000070da00000, 0x000000070dc00000|  0%| F|  |TAMS 0x000000070da00000, 0x000000070da00000| Untracked 
|  85|0x000000070dc00000, 0x000000070dc00000, 0x000000070de00000|  0%| F|  |TAMS 0x000000070dc00000, 0x000000070dc00000| Untracked 
|  86|0x000000070de00000, 0x000000070de00000, 0x000000070e000000|  0%| F|  |TAMS 0x000000070de00000, 0x000000070de00000| Untracked 
|  87|0x000000070e000000, 0x000000070e000000, 0x000000070e200000|  0%| F|  |TAMS 0x000000070e000000, 0x000000070e000000| Untracked 
|  88|0x000000070e200000, 0x000000070e200000, 0x000000070e400000|  0%| F|  |TAMS 0x000000070e200000, 0x000000070e200000| Untracked 
|  89|0x000000070e400000, 0x000000070e400000, 0x000000070e600000|  0%| F|  |TAMS 0x000000070e400000, 0x000000070e400000| Untracked 
|  90|0x000000070e600000, 0x000000070e600000, 0x000000070e800000|  0%| F|  |TAMS 0x000000070e600000, 0x000000070e600000| Untracked 
|  91|0x000000070e800000, 0x000000070e800000, 0x000000070ea00000|  0%| F|  |TAMS 0x000000070e800000, 0x000000070e800000| Untracked 
|  92|0x000000070ea00000, 0x000000070ea00000, 0x000000070ec00000|  0%| F|  |TAMS 0x000000070ea00000, 0x000000070ea00000| Untracked 
|  93|0x000000070ec00000, 0x000000070ec00000, 0x000000070ee00000|  0%| F|  |TAMS 0x000000070ec00000, 0x000000070ec00000| Untracked 
|  94|0x000000070ee00000, 0x000000070ee00000, 0x000000070f000000|  0%| F|  |TAMS 0x000000070ee00000, 0x000000070ee00000| Untracked 
|  95|0x000000070f000000, 0x000000070f000000, 0x000000070f200000|  0%| F|  |TAMS 0x000000070f000000, 0x000000070f000000| Untracked 
|  96|0x000000070f200000, 0x000000070f200000, 0x000000070f400000|  0%| F|  |TAMS 0x000000070f200000, 0x000000070f200000| Untracked 
|  97|0x000000070f400000, 0x000000070f400000, 0x000000070f600000|  0%| F|  |TAMS 0x000000070f400000, 0x000000070f400000| Untracked 
|  98|0x000000070f600000, 0x000000070f600000, 0x000000070f800000|  0%| F|  |TAMS 0x000000070f600000, 0x000000070f600000| Untracked 
|  99|0x000000070f800000, 0x000000070f800000, 0x000000070fa00000|  0%| F|  |TAMS 0x000000070f800000, 0x000000070f800000| Untracked 
| 100|0x000000070fa00000, 0x000000070fa00000, 0x000000070fc00000|  0%| F|  |TAMS 0x000000070fa00000, 0x000000070fa00000| Untracked 
| 101|0x000000070fc00000, 0x000000070fc00000, 0x000000070fe00000|  0%| F|  |TAMS 0x000000070fc00000, 0x000000070fc00000| Untracked 
| 102|0x000000070fe00000, 0x000000070fe00000, 0x0000000710000000|  0%| F|  |TAMS 0x000000070fe00000, 0x000000070fe00000| Untracked 
| 103|0x0000000710000000, 0x0000000710000000, 0x0000000710200000|  0%| F|  |TAMS 0x0000000710000000, 0x0000000710000000| Untracked 
| 104|0x0000000710200000, 0x0000000710200000, 0x0000000710400000|  0%| F|  |TAMS 0x0000000710200000, 0x0000000710200000| Untracked 
| 105|0x0000000710400000, 0x0000000710400000, 0x0000000710600000|  0%| F|  |TAMS 0x0000000710400000, 0x0000000710400000| Untracked 
| 106|0x0000000710600000, 0x0000000710600000, 0x0000000710800000|  0%| F|  |TAMS 0x0000000710600000, 0x0000000710600000| Untracked 
| 107|0x0000000710800000, 0x0000000710800000, 0x0000000710a00000|  0%| F|  |TAMS 0x0000000710800000, 0x0000000710800000| Untracked 
| 108|0x0000000710a00000, 0x0000000710a00000, 0x0000000710c00000|  0%| F|  |TAMS 0x0000000710a00000, 0x0000000710a00000| Untracked 
| 109|0x0000000710c00000, 0x0000000710c00000, 0x0000000710e00000|  0%| F|  |TAMS 0x0000000710c00000, 0x0000000710c00000| Untracked 
| 110|0x0000000710e00000, 0x0000000710e00000, 0x0000000711000000|  0%| F|  |TAMS 0x0000000710e00000, 0x0000000710e00000| Untracked 
| 111|0x0000000711000000, 0x0000000711000000, 0x0000000711200000|  0%| F|  |TAMS 0x0000000711000000, 0x0000000711000000| Untracked 
| 112|0x0000000711200000, 0x0000000711200000, 0x0000000711400000|  0%| F|  |TAMS 0x0000000711200000, 0x0000000711200000| Untracked 
| 113|0x0000000711400000, 0x0000000711400000, 0x0000000711600000|  0%| F|  |TAMS 0x0000000711400000, 0x0000000711400000| Untracked 
| 114|0x0000000711600000, 0x000000071177c9c8, 0x0000000711800000| 74%| S|CS|TAMS 0x0000000711600000, 0x0000000711600000| Complete 
| 115|0x0000000711800000, 0x0000000711a00000, 0x0000000711a00000|100%| S|CS|TAMS 0x0000000711800000, 0x0000000711800000| Complete 
| 116|0x0000000711a00000, 0x0000000711a00000, 0x0000000711c00000|  0%| F|  |TAMS 0x0000000711a00000, 0x0000000711a00000| Untracked 
| 117|0x0000000711c00000, 0x0000000711c00000, 0x0000000711e00000|  0%| F|  |TAMS 0x0000000711c00000, 0x0000000711c00000| Untracked 
| 118|0x0000000711e00000, 0x0000000711e00000, 0x0000000712000000|  0%| F|  |TAMS 0x0000000711e00000, 0x0000000711e00000| Untracked 
| 119|0x0000000712000000, 0x0000000712000000, 0x0000000712200000|  0%| F|  |TAMS 0x0000000712000000, 0x0000000712000000| Untracked 
| 120|0x0000000712200000, 0x00000007122a0a60, 0x0000000712400000| 31%| E|  |TAMS 0x0000000712200000, 0x0000000712200000| Complete 
| 121|0x0000000712400000, 0x0000000712600000, 0x0000000712600000|100%| E|CS|TAMS 0x0000000712400000, 0x0000000712400000| Complete 
| 122|0x0000000712600000, 0x0000000712800000, 0x0000000712800000|100%| E|CS|TAMS 0x0000000712600000, 0x0000000712600000| Complete 
| 123|0x0000000712800000, 0x0000000712a00000, 0x0000000712a00000|100%| E|CS|TAMS 0x0000000712800000, 0x0000000712800000| Complete 
| 124|0x0000000712a00000, 0x0000000712c00000, 0x0000000712c00000|100%| E|CS|TAMS 0x0000000712a00000, 0x0000000712a00000| Complete 
| 125|0x0000000712c00000, 0x0000000712e00000, 0x0000000712e00000|100%| E|CS|TAMS 0x0000000712c00000, 0x0000000712c00000| Complete 
| 126|0x0000000712e00000, 0x0000000713000000, 0x0000000713000000|100%| E|CS|TAMS 0x0000000712e00000, 0x0000000712e00000| Complete 

Card table byte_map: [0x0000012cd8910000,0x0000012cd9100000] _byte_map_base: 0x0000012cd50f7000

Marking Bits (Prev, Next): (CMBitMap*) 0x0000012cc14977c0, (CMBitMap*) 0x0000012cc1497800
 Prev Bits: [0x0000012cd98f0000, 0x0000012cdd828000)
 Next Bits: [0x0000012cdd830000, 0x0000012ce1768000)

Polling page: 0x0000012cc0c30000

Metaspace:

Usage:
  Non-class:     11.27 MB used.
      Class:      1.32 MB used.
       Both:     12.59 MB used.

Virtual space:
  Non-class space:       16.00 MB reserved,      11.38 MB ( 71%) committed,  2 nodes.
      Class space:        1.00 GB reserved,       1.38 MB ( <1%) committed,  1 nodes.
              Both:        1.02 GB reserved,      12.75 MB (  1%) committed. 

Chunk freelists:
   Non-Class:  336.00 KB
       Class:  2.56 MB
        Both:  2.89 MB

MaxMetaspaceSize: 17179869184.00 GB
CompressedClassSpaceSize: 1.00 GB
 - commit_granule_bytes: 65536.
 - commit_granule_words: 8192.
 - virtual_space_node_default_size: 1048576.
 - enlarge_chunks_in_place: 1.
 - new_chunks_are_fully_committed: 0.
 - uncommit_free_chunks: 1.
 - use_allocation_guard: 0.
 - handle_deallocations: 1.


Internal statistics:

num_allocs_failed_limit: 0.
num_arena_births: 164.
num_arena_deaths: 0.
num_vsnodes_births: 3.
num_vsnodes_deaths: 0.
num_space_committed: 204.
num_space_uncommitted: 0.
num_chunks_returned_to_freelist: 0.
num_chunks_taken_from_freelist: 282.
num_chunk_merges: 0.
num_chunk_splits: 163.
num_chunks_enlarged: 90.
num_purges: 0.

CodeHeap 'non-profiled nmethods': size=120000Kb used=1772Kb max_used=1772Kb free=118228Kb
 bounds [0x0000012cd0690000, 0x0000012cd0900000, 0x0000012cd7bc0000]
CodeHeap 'profiled nmethods': size=120000Kb used=6093Kb max_used=6093Kb free=113906Kb
 bounds [0x0000012cc9160000, 0x0000012cc9760000, 0x0000012cd0690000]
CodeHeap 'non-nmethods': size=5760Kb used=1360Kb max_used=1400Kb free=4399Kb
 bounds [0x0000012cc8bc0000, 0x0000012cc8e30000, 0x0000012cc9160000]
 total_blobs=3768 nmethods=3074 adapters=605
 compilation: enabled
              stopped_count=0, restarted_count=0
 full_count=0

Compilation events (20 events):
Event: 19.606 Thread 0x0000012ce43d7d70 nmethod 3059 0x0000012cd0848210 code [0x0000012cd08483a0, 0x0000012cd0848818]
Event: 19.606 Thread 0x0000012ce43d7d70 3065       4       sun.awt.NullComponentPeer::handleEvent (1 bytes)
Event: 19.606 Thread 0x0000012ce43d7d70 nmethod 3065 0x0000012cd0848a90 code [0x0000012cd0848c00, 0x0000012cd0848c78]
Event: 19.607 Thread 0x0000012ce43d7d70 3066       4       javax.swing.AncestorNotifier::componentResized (1 bytes)
Event: 19.607 Thread 0x0000012ce43d7d70 nmethod 3066 0x0000012cd0848d90 code [0x0000012cd0848f00, 0x0000012cd0848f78]
Event: 19.608 Thread 0x0000012ce64e8a30 nmethod 3056 0x0000012cd0849090 code [0x0000012cd0849240, 0x0000012cd0849798]
Event: 19.629 Thread 0x0000012ce43e0870 3069       3       com.formdev.flatlaf.ui.FlatButtonBorder::isFocused (21 bytes)
Event: 19.629 Thread 0x0000012ce43e0870 nmethod 3069 0x0000012cc974e290 code [0x0000012cc974e460, 0x0000012cc974e9e8]
Event: 19.629 Thread 0x0000012ce43e0870 3070       3       com.formdev.flatlaf.ui.FlatButtonBorder::getBorderColor (137 bytes)
Event: 19.629 Thread 0x0000012ce64e8a30 3071       4       java.awt.Window::isOpaque (29 bytes)
Event: 19.629 Thread 0x0000012ce43e0870 nmethod 3070 0x0000012cc974eb10 code [0x0000012cc974ed60, 0x0000012cc974fcb8]
Event: 19.630 Thread 0x0000012ce64e8a30 nmethod 3071 0x0000012cd0849d10 code [0x0000012cd0849ea0, 0x0000012cd0849fc8]
Event: 19.632 Thread 0x0000012ce43e0870 3072       3       com.formdev.flatlaf.ui.FlatTitlePane$FlatTitleLabelUI::paintEnabledText (227 bytes)
Event: 19.633 Thread 0x0000012ce43e0870 nmethod 3072 0x0000012cc9750010 code [0x0000012cc97502e0, 0x0000012cc9751538]
Event: 19.668 Thread 0x0000012ce43e0870 3073       3       sun.java2d.SunGraphics2D::setClip (14 bytes)
Event: 19.668 Thread 0x0000012ce43e0870 nmethod 3073 0x0000012cc9751c10 code [0x0000012cc9751dc0, 0x0000012cc9751f98]
Event: 21.268 Thread 0x0000012ce64e8a30 3074   !   4       javax.swing.JComponent::paintComponent (44 bytes)
Event: 21.274 Thread 0x0000012ce64e8a30 nmethod 3074 0x0000012cd084a190 code [0x0000012cd084a340, 0x0000012cd084ace8]
Event: 21.515 Thread 0x0000012ce43e0870 3075       3       java.awt.geom.AffineTransform::calculateType (536 bytes)
Event: 21.515 Thread 0x0000012ce43e0870 nmethod 3075 0x0000012cc9752090 code [0x0000012cc9752360, 0x0000012cc9753438]

GC Heap History (2 events):
Event: 17.755 GC heap before
{Heap before GC invocations=0 (full 0):
 garbage-first heap   total 260096K, used 32768K [0x0000000703200000, 0x0000000800000000)
  region size 2048K, 11 young (22528K), 0 survivors (0K)
 Metaspace       used 12523K, committed 12736K, reserved 1064960K
  class space    used 1346K, committed 1408K, reserved 1048576K
}
Event: 17.759 GC heap after
{Heap after GC invocations=1 (full 0):
 garbage-first heap   total 260096K, used 13810K [0x0000000703200000, 0x0000000800000000)
  region size 2048K, 2 young (4096K), 2 survivors (4096K)
 Metaspace       used 12523K, committed 12736K, reserved 1064960K
  class space    used 1346K, committed 1408K, reserved 1048576K
}

Deoptimization events (20 events):
Event: 21.515 Thread 0x0000012ce53e5020 Uncommon trap: trap_request=0xffffff45 fr.pc=0x0000012cd07efb40 relative=0x0000000000001680
Event: 21.515 Thread 0x0000012ce53e5020 Uncommon trap: reason=unstable_if action=reinterpret pc=0x0000012cd07efb40 method=sun.java2d.SurfaceData.getPaintSurfaceType(Lsun/java2d/SunGraphics2D;)Lsun/java2d/loops/SurfaceType; @ 4 c2
Event: 21.515 Thread 0x0000012ce53e5020 DEOPT PACKING pc=0x0000012cd07efb40 sp=0x000000067dcfd2f0
Event: 21.515 Thread 0x0000012ce53e5020 DEOPT UNPACKING pc=0x0000012cc8c0d72e sp=0x000000067dcfd1e0 mode 2
Event: 21.535 Thread 0x0000012ce53e5020 Uncommon trap: trap_request=0xffffff3d fr.pc=0x0000012cd0787dc4 relative=0x00000000000000a4
Event: 21.535 Thread 0x0000012ce53e5020 Uncommon trap: reason=unstable_fused_if action=reinterpret pc=0x0000012cd0787dc4 method=java.awt.EventQueue.eventToCacheIndex(Ljava/awt/AWTEvent;)I @ 4 c2
Event: 21.535 Thread 0x0000012ce53e5020 DEOPT PACKING pc=0x0000012cd0787dc4 sp=0x000000067dcfeff0
Event: 21.535 Thread 0x0000012ce53e5020 DEOPT UNPACKING pc=0x0000012cc8c0d72e sp=0x000000067dcfef88 mode 2
Event: 21.535 Thread 0x0000012ce53e5020 Uncommon trap: trap_request=0xffffff3d fr.pc=0x0000012cd0792954 relative=0x0000000000001514
Event: 21.535 Thread 0x0000012ce53e5020 Uncommon trap: reason=unstable_fused_if action=reinterpret pc=0x0000012cd0792954 method=java.awt.EventQueue.eventToCacheIndex(Ljava/awt/AWTEvent;)I @ 4 c2
Event: 21.535 Thread 0x0000012ce53e5020 DEOPT PACKING pc=0x0000012cd0792954 sp=0x000000067dcff020
Event: 21.535 Thread 0x0000012ce53e5020 DEOPT UNPACKING pc=0x0000012cc8c0d72e sp=0x000000067dcfee10 mode 2
Event: 21.535 Thread 0x0000012ce53e5020 Uncommon trap: trap_request=0xffffff3d fr.pc=0x0000012cd0848718 relative=0x0000000000000378
Event: 21.535 Thread 0x0000012ce53e5020 Uncommon trap: reason=unstable_fused_if action=reinterpret pc=0x0000012cd0848718 method=java.awt.EventQueue.eventToCacheIndex(Ljava/awt/AWTEvent;)I @ 4 c2
Event: 21.535 Thread 0x0000012ce53e5020 DEOPT PACKING pc=0x0000012cd0848718 sp=0x000000067dcff0d0
Event: 21.535 Thread 0x0000012ce53e5020 DEOPT UNPACKING pc=0x0000012cc8c0d72e sp=0x000000067dcfefa0 mode 2
Event: 21.626 Thread 0x0000012ce53e5020 Uncommon trap: trap_request=0xffffff45 fr.pc=0x0000012cd0778ae8 relative=0x0000000000000048
Event: 21.626 Thread 0x0000012ce53e5020 Uncommon trap: reason=unstable_if action=reinterpret pc=0x0000012cd0778ae8 method=java.security.AccessController.getContext()Ljava/security/AccessControlContext; @ 5 c2
Event: 21.626 Thread 0x0000012ce53e5020 DEOPT PACKING pc=0x0000012cd0778ae8 sp=0x000000067dcfd8e0
Event: 21.626 Thread 0x0000012ce53e5020 DEOPT UNPACKING pc=0x0000012cc8c0d72e sp=0x000000067dcfd878 mode 2

Classes unloaded (0 events):
No events

Classes redefined (0 events):
No events

Internal exceptions (20 events):
Event: 0.068 Thread 0x0000012cc1447860 Exception <a 'java/lang/NoSuchMethodError'{0x0000000712c615e0}: 'void java.lang.invoke.DirectMethodHandle$Holder.invokeSpecial(java.lang.Object, java.lang.Object, java.lang.Object)'> (0x0000000712c615e0) 
thrown [t:\workspace\open\src\hotspot\share\interpreter\linkResolver.cpp, line 790]
Event: 0.074 Thread 0x0000012cc1447860 Exception <a 'java/lang/ClassNotFoundException'{0x0000000712c77a40}: sun/awt/resources/spi/awtProvider> (0x0000000712c77a40) 
thrown [t:\workspace\open\src\hotspot\share\classfile\systemDictionary.cpp, line 256]
Event: 0.088 Thread 0x0000012cc1447860 Exception <a 'java/io/FileNotFoundException'{0x0000000712ccbb60}> (0x0000000712ccbb60) 
thrown [t:\workspace\open\src\hotspot\share\prims\jni.cpp, line 579]
Event: 0.093 Thread 0x0000012cc1447860 Exception <a 'java/io/FileNotFoundException'{0x0000000712cfa6b8}> (0x0000000712cfa6b8) 
thrown [t:\workspace\open\src\hotspot\share\prims\jni.cpp, line 579]
Event: 0.094 Thread 0x0000012cc1447860 Exception <a 'java/lang/NoSuchMethodError'{0x0000000712cfb7a0}: 'java.lang.Object java.lang.invoke.DirectMethodHandle$Holder.invokeStatic(java.lang.Object)'> (0x0000000712cfb7a0) 
thrown [t:\workspace\open\src\hotspot\share\interpreter\linkResolver.cpp, line 790]
Event: 0.126 Thread 0x0000012cc1447860 Exception <a 'java/lang/NoSuchMethodError'{0x0000000712dc07f0}: 'java.lang.Object java.lang.invoke.DirectMethodHandle$Holder.invokeStaticInit(java.lang.Object)'> (0x0000000712dc07f0) 
thrown [t:\workspace\open\src\hotspot\share\interpreter\linkResolver.cpp, line 790]
Event: 0.200 Thread 0x0000012cc1447860 Exception <a 'java/lang/NoSuchMethodError'{0x0000000712a7a2b0}: 'void java.lang.invoke.DirectMethodHandle$Holder.invokeStatic(java.lang.Object, java.lang.Object)'> (0x0000000712a7a2b0) 
thrown [t:\workspace\open\src\hotspot\share\interpreter\linkResolver.cpp, line 790]
Event: 0.204 Thread 0x0000012cc1447860 Exception <a 'java/lang/NoSuchMethodError'{0x0000000712aa03f0}: 'java.lang.Object java.lang.invoke.DirectMethodHandle$Holder.newInvokeSpecial(java.lang.Object, java.lang.Object, java.lang.Object, java.lang.Object, java.lang.Object)'> (0x0000000712aa03f0) 
thrown [t:\workspace\open\src\hotspot\share\interpreter\linkResolver.cpp, line 790]
Event: 0.205 Thread 0x0000012cc1447860 Exception <a 'java/lang/NoSuchMethodError'{0x0000000712aabc30}: 'java.lang.Object java.lang.invoke.DirectMethodHandle$Holder.invokeStatic(java.lang.Object, int, java.lang.Object, java.lang.Object, java.lang.Object, java.lang.Object)'> (0x0000000712aabc30) 
thrown [t:\workspace\open\src\hotspot\share\interpreter\linkResolver.cpp, line 790]
Event: 0.207 Thread 0x0000012cc1447860 Exception <a 'java/lang/NoSuchMethodError'{0x0000000712ad1a20}: 'java.lang.Object java.lang.invoke.DirectMethodHandle$Holder.invokeStatic(java.lang.Object, int, java.lang.Object)'> (0x0000000712ad1a20) 
thrown [t:\workspace\open\src\hotspot\share\interpreter\linkResolver.cpp, line 790]
Event: 0.234 Thread 0x0000012cc1447860 Exception <a 'java/lang/NoSuchMethodError'{0x0000000712b65720}: 'int java.lang.invoke.DirectMethodHandle$Holder.invokeStatic(java.lang.Object)'> (0x0000000712b65720) 
thrown [t:\workspace\open\src\hotspot\share\interpreter\linkResolver.cpp, line 790]
Event: 0.250 Thread 0x0000012cc1447860 Exception <a 'java/lang/NoSuchMethodError'{0x0000000712834fb8}: 'java.lang.Object java.lang.invoke.DirectMethodHandle$Holder.invokeSpecial(java.lang.Object, java.lang.Object, java.lang.Object, java.lang.Object, float)'> (0x0000000712834fb8) 
thrown [t:\workspace\open\src\hotspot\share\interpreter\linkResolver.cpp, line 790]
Event: 0.271 Thread 0x0000012cc1447860 Exception <a 'java/lang/ClassNotFoundException'{0x000000071290a270}: com/sun/swing/internal/plaf/basic/resources/spi/basicProvider> (0x000000071290a270) 
thrown [t:\workspace\open\src\hotspot\share\classfile\systemDictionary.cpp, line 256]
Event: 0.334 Thread 0x0000012ce53e5020 Implicit null exception at 0x0000012cd06baa3e to 0x0000012cd06bb408
Event: 0.339 Thread 0x0000012ce53e5020 Exception <a 'sun/nio/fs/WindowsException'{0x0000000712700120}> (0x0000000712700120) 
thrown [t:\workspace\open\src\hotspot\share\prims\jni.cpp, line 579]
Event: 0.355 Thread 0x0000012ce53e5020 Implicit null exception at 0x0000012cd06c6e2b to 0x0000012cd06c755c
Event: 0.402 Thread 0x0000012ce5379740 Exception <a 'java/lang/NoSuchMethodError'{0x0000000712a0f818}: 'void java.lang.invoke.DirectMethodHandle$Holder.invokeVirtual(java.lang.Object, java.lang.Object)'> (0x0000000712a0f818) 
thrown [t:\workspace\open\src\hotspot\share\interpreter\linkResolver.cpp, line 790]
Event: 0.411 Thread 0x0000012ce53e5020 Exception <a 'java/lang/NoSuchMethodError'{0x0000000712441970}: 'void java.lang.invoke.DirectMethodHandle$Holder.invokeStaticInit(java.lang.Object)'> (0x0000000712441970) 
thrown [t:\workspace\open\src\hotspot\share\interpreter\linkResolver.cpp, line 790]
Event: 0.514 Thread 0x0000012ce6107b80 Exception <a 'java/lang/NoSuchMethodError'{0x00000007124f0e60}: 'java.lang.Object java.lang.invoke.DirectMethodHandle$Holder.newInvokeSpecial(java.lang.Object, java.lang.Object, java.lang.Object, int, int, int, int, int)'> (0x00000007124f0e60) 
thrown [t:\workspace\open\src\hotspot\share\interpreter\linkResolver.cpp, line 790]
Event: 0.589 Thread 0x0000012ce53e5020 Exception <a 'java/lang/NoSuchMethodError'{0x00000007122538c8}: 'void java.lang.invoke.DirectMethodHandle$Holder.invokeSpecial(java.lang.Object, java.lang.Object, java.lang.Object, int, int, int, int, double)'> (0x00000007122538c8) 
thrown [t:\workspace\open\src\hotspot\share\interpreter\linkResolver.cpp, line 790]

Events (20 events):
Event: 18.926 loading class java/security/DomainCombiner
Event: 18.926 loading class java/security/DomainCombiner done
Event: 18.940 Thread 0x0000012ce64ea1b0 Thread added: 0x0000012ce64ea1b0
Event: 19.134 Executing  VM operation: HandshakeAllThreads
Event: 19.134 Executing  VM operation: HandshakeAllThreads done
Event: 19.532 Thread 0x0000012ce64ea1b0 Thread exited: 0x0000012ce64ea1b0
Event: 19.602 Thread 0x0000012ce64e8a30 Thread added: 0x0000012ce64e8a30
Event: 19.628 Executing  VM operation: ICBufferFull
Event: 19.628 Executing  VM operation: ICBufferFull done
Event: 20.628 Executing  VM operation: Cleanup
Event: 20.628 Executing  VM operation: Cleanup done
Event: 21.515 Thread 0x0000012ce64e8a30 Thread exited: 0x0000012ce64e8a30
Event: 21.626 loading class java/awt/Window$1DisposeAction
Event: 21.626 loading class java/awt/Window$1DisposeAction done
Event: 21.626 loading class java/awt/KeyboardFocusManager$2
Event: 21.626 loading class java/awt/KeyboardFocusManager$2 done
Event: 21.626 loading class sun/awt/SunToolkit$1
Event: 21.626 loading class sun/awt/SunToolkit$1 done
Event: 21.628 Executing  VM operation: Cleanup
Event: 21.628 Executing  VM operation: Cleanup done


Dynamic libraries:
0x00007ff6d0270000 - 0x00007ff6d0280000 	C:\Program Files\Java\jdk-16\bin\java.exe
0x00007fff1ae90000 - 0x00007fff1b085000 	C:\Windows\SYSTEM32\ntdll.dll
0x00007fff1abc0000 - 0x00007fff1ac7d000 	C:\Windows\System32\KERNEL32.DLL
0x00007fff18710000 - 0x00007fff189d8000 	C:\Windows\System32\KERNELBASE.dll
0x00007fff18b00000 - 0x00007fff18c00000 	C:\Windows\System32\ucrtbase.dll
0x00007fff07a60000 - 0x00007fff07a79000 	C:\Program Files\Java\jdk-16\bin\VCRUNTIME140.dll
0x00007fff0e320000 - 0x00007fff0e338000 	C:\Program Files\Java\jdk-16\bin\jli.dll
0x00007fff1ad60000 - 0x00007fff1ae0c000 	C:\Windows\System32\ADVAPI32.dll
0x00007fff1a1b0000 - 0x00007fff1a24e000 	C:\Windows\System32\msvcrt.dll
0x00007fff19eb0000 - 0x00007fff19f4b000 	C:\Windows\System32\sechost.dll
0x00007fff1a470000 - 0x00007fff1a59b000 	C:\Windows\System32\RPCRT4.dll
0x00007fff19270000 - 0x00007fff19410000 	C:\Windows\System32\USER32.dll
0x00007ffef5ac0000 - 0x00007ffef5d5a000 	C:\Windows\WinSxS\amd64_microsoft.windows.common-controls_6595b64144ccf1df_6.0.19041.1052_none_60b8f8fd71f5e8cb\COMCTL32.dll
0x00007fff18d10000 - 0x00007fff18d32000 	C:\Windows\System32\win32u.dll
0x00007fff19010000 - 0x00007fff1903a000 	C:\Windows\System32\GDI32.dll
0x00007fff18c00000 - 0x00007fff18d0b000 	C:\Windows\System32\gdi32full.dll
0x00007fff18a30000 - 0x00007fff18acd000 	C:\Windows\System32\msvcp_win.dll
0x00007fff0d480000 - 0x00007fff0d48a000 	C:\Windows\SYSTEM32\VERSION.dll
0x00007fff1ae20000 - 0x00007fff1ae50000 	C:\Windows\System32\IMM32.DLL
0x00007fff10d20000 - 0x00007fff10d2c000 	C:\Program Files\Java\jdk-16\bin\vcruntime140_1.dll
0x00007ffeccfa0000 - 0x00007ffecd031000 	C:\Program Files\Java\jdk-16\bin\msvcp140.dll
0x00007ffe826a0000 - 0x00007ffe8324b000 	C:\Program Files\Java\jdk-16\bin\server\jvm.dll
0x00007fff1a1a0000 - 0x00007fff1a1a8000 	C:\Windows\System32\PSAPI.DLL
0x00007ffefbdc0000 - 0x00007ffefbdc9000 	C:\Windows\SYSTEM32\WSOCK32.dll
0x00007fff07c00000 - 0x00007fff07c27000 	C:\Windows\SYSTEM32\WINMM.dll
0x00007fff1a250000 - 0x00007fff1a2bb000 	C:\Windows\System32\WS2_32.dll
0x00007fff16500000 - 0x00007fff16512000 	C:\Windows\SYSTEM32\kernel.appcore.dll
0x00007fff0ef00000 - 0x00007fff0ef0a000 	C:\Program Files\Java\jdk-16\bin\jimage.dll
0x00007fff15dd0000 - 0x00007fff15fb4000 	C:\Windows\SYSTEM32\DBGHELP.DLL
0x00007fff07ae0000 - 0x00007fff07b0c000 	C:\Windows\SYSTEM32\dbgcore.DLL
0x00007fff185d0000 - 0x00007fff18653000 	C:\Windows\System32\bcryptPrimitives.dll
0x00007fff022d0000 - 0x00007fff022f5000 	C:\Program Files\Java\jdk-16\bin\java.dll
0x00007fff19410000 - 0x00007fff19b4f000 	C:\Windows\System32\SHELL32.dll
0x00007fff16720000 - 0x00007fff16eb0000 	C:\Windows\SYSTEM32\windows.storage.dll
0x00007fff19b50000 - 0x00007fff19ea5000 	C:\Windows\System32\combase.dll
0x00007fff18040000 - 0x00007fff1806c000 	C:\Windows\SYSTEM32\Wldp.dll
0x00007fff18f00000 - 0x00007fff18fae000 	C:\Windows\System32\SHCORE.dll
0x00007fff18fb0000 - 0x00007fff19005000 	C:\Windows\System32\shlwapi.dll
0x00007fff18510000 - 0x00007fff1852f000 	C:\Windows\SYSTEM32\profapi.dll
0x00007fff069d0000 - 0x00007fff069e9000 	C:\Program Files\Java\jdk-16\bin\net.dll
0x00007fff0ff10000 - 0x00007fff1001b000 	C:\Windows\SYSTEM32\WINHTTP.dll
0x00007fff17db0000 - 0x00007fff17e1a000 	C:\Windows\system32\mswsock.dll
0x00007fff05de0000 - 0x00007fff05df3000 	C:\Program Files\Java\jdk-16\bin\nio.dll
0x00007fff04460000 - 0x00007fff04478000 	C:\Program Files\Java\jdk-16\bin\zip.dll
0x00007ffecd040000 - 0x00007ffecd1c0000 	C:\Program Files\Java\jdk-16\bin\awt.dll
0x00007fff1aa70000 - 0x00007fff1ab3d000 	C:\Windows\System32\OLEAUT32.dll
0x00007fff15ab0000 - 0x00007fff15b40000 	C:\Windows\SYSTEM32\apphelp.dll
0x00007fff15bb0000 - 0x00007fff15c4e000 	C:\Windows\system32\uxtheme.dll
0x00007fff19040000 - 0x00007fff19155000 	C:\Windows\System32\MSCTF.dll
0x00007ffea2620000 - 0x00007ffea271c000 	C:\ProgramData\A-Volute\DellInc.AlienwareSoundCenter\Modules\ScheduledModules\x64\DellInc.AlienwareSoundCenterDevProps2.dll
0x00007fff19fb0000 - 0x00007fff1a0da000 	C:\Windows\System32\ole32.dll
0x00007ffea3a50000 - 0x00007ffea3afd000 	C:\ProgramData\A-Volute\DellInc.AlienwareSoundCenter\Modules\ScheduledModules\x64\NahimicOSD.dll
0x00007ffedeb80000 - 0x00007ffedeba1000 	C:\ProgramData\A-Volute\DellInc.AlienwareSoundCenter\Modules\ScheduledModules\x64\ProductInfo.dll
0x00007ffed11d0000 - 0x00007ffed1259000 	C:\Program Files\Java\jdk-16\bin\freetype.dll
0x00007ffeccea0000 - 0x00007ffeccf96000 	C:\Program Files\Java\jdk-16\bin\harfbuzz.dll
0x00007fff038f0000 - 0x00007fff03902000 	C:\Program Files\Java\jdk-16\bin\fontmanager.dll
0x00007fff16120000 - 0x00007fff1614f000 	C:\Windows\system32\DWMAPI.DLL
0x00007ffedc8d0000 - 0x00007ffedc9f6000 	C:\Windows\system32\opengl32.dll
0x00007ffedcb20000 - 0x00007ffedcb4c000 	C:\Windows\SYSTEM32\GLU32.dll
0x00007fff10d30000 - 0x00007fff10d36000 	C:\Users\asjad\AppData\Local\Temp\flatlaf.temp\flatlaf-windows-x86_64-17239416212433000.dll
0x00007fff06b20000 - 0x00007fff06b27000 	C:\Program Files\Java\jdk-16\bin\jawt.dll
0x00007fff19160000 - 0x00007fff19209000 	C:\Windows\System32\clbcatq.dll
0x00007fff0f8d0000 - 0x00007fff0fa84000 	C:\Windows\SYSTEM32\WindowsCodecs.dll
0x00007fff18ad0000 - 0x00007fff18af7000 	C:\Windows\System32\bcrypt.dll
0x00007ffedc7e0000 - 0x00007ffedc81e000 	C:\Windows\system32\dataexchange.dll
0x00007fff14f80000 - 0x00007fff15166000 	C:\Windows\system32\dcomp.dll
0x00007fff11720000 - 0x00007fff11984000 	C:\Windows\system32\d3d11.dll
0x00007fff16f10000 - 0x00007fff17004000 	C:\Windows\system32\dxgi.dll
0x00007fff0f4d0000 - 0x00007fff0f6d1000 	C:\Windows\system32\twinapi.appcore.dll
0x00007ffef43c0000 - 0x00007ffef44b9000 	C:\Windows\SYSTEM32\textinputframework.dll
0x00007fff15170000 - 0x00007fff154ce000 	C:\Windows\System32\CoreUIComponents.dll
0x00007fff15850000 - 0x00007fff15942000 	C:\Windows\System32\CoreMessaging.dll
0x00007fff11160000 - 0x00007fff112b4000 	C:\Windows\SYSTEM32\wintypes.dll
0x00007fff17430000 - 0x00007fff17463000 	C:\Windows\SYSTEM32\ntmarta.dll

dbghelp: loaded successfully - version: 4.0.5 - missing functions: none
symbol engine: initialized successfully - sym options: 0x614 - pdb path: .;C:\Program Files\Java\jdk-16\bin;C:\Windows\SYSTEM32;C:\Windows\WinSxS\amd64_microsoft.windows.common-controls_6595b64144ccf1df_6.0.19041.1052_none_60b8f8fd71f5e8cb;C:\Program Files\Java\jdk-16\bin\server;C:\ProgramData\A-Volute\DellInc.AlienwareSoundCenter\Modules\ScheduledModules\x64;C:\Users\asjad\AppData\Local\Temp\flatlaf.temp

VM Arguments:
jvm_args: -Dfile.encoding=UTF-8 --module-path=D:\Documents\Eclipse Workspace\InventoryManagement\build\classes 
java_command: com.inventory.UI.LoginPage
java_class_path (initial): D:\Documents\Eclipse Workspace\InventoryManagement\lib\flatlaf-1.3.jar;D:\Documents\Eclipse Workspace\InventoryManagement\lib\flatlaf-intellij-themes-1.3.jar;D:\Documents\Eclipse Workspace\InventoryManagement\build\classes
Launcher Type: SUN_STANDARD

[Global flags]
     intx CICompilerCount                          = 4                                         {product} {ergonomic}
     uint ConcGCThreads                            = 3                                         {product} {ergonomic}
     uint G1ConcRefinementThreads                  = 10                                        {product} {ergonomic}
   size_t G1HeapRegionSize                         = 2097152                                   {product} {ergonomic}
    uintx GCDrainStackTargetSize                   = 64                                        {product} {ergonomic}
   size_t InitialHeapSize                          = 266338304                                 {product} {ergonomic}
   size_t MarkStackSize                            = 4194304                                   {product} {ergonomic}
   size_t MaxHeapSize                              = 4242538496                                {product} {ergonomic}
   size_t MaxNewSize                               = 2543845376                                {product} {ergonomic}
   size_t MinHeapDeltaBytes                        = 2097152                                   {product} {ergonomic}
   size_t MinHeapSize                              = 8388608                                   {product} {ergonomic}
    uintx NonNMethodCodeHeapSize                   = 5839372                                {pd product} {ergonomic}
    uintx NonProfiledCodeHeapSize                  = 122909434                              {pd product} {ergonomic}
    uintx ProfiledCodeHeapSize                     = 122909434                              {pd product} {ergonomic}
    uintx ReservedCodeCacheSize                    = 251658240                              {pd product} {ergonomic}
     bool SegmentedCodeCache                       = true                                      {product} {ergonomic}
   size_t SoftMaxHeapSize                          = 4242538496                             {manageable} {ergonomic}
     bool UseCompressedClassPointers               = true                           {product lp64_product} {ergonomic}
     bool UseCompressedOops                        = true                           {product lp64_product} {ergonomic}
     bool UseG1GC                                  = true                                      {product} {ergonomic}
     bool UseLargePagesIndividualAllocation        = false                                  {pd product} {ergonomic}

Logging:
Log output configuration:
 #0: stdout all=warning uptime,level,tags
 #1: stderr all=off uptime,level,tags

Environment Variables:
PATH=C:\app\asjad\product\18.0.0\dbhomeXE\bin;C:\Program Files\Common Files\Oracle\Java\javapath;C:\Program Files (x86)\Common Files\Oracle\Java\javapath;C:\Windows\system32;C:\Windows;C:\Windows\System32\Wbem;C:\Windows\System32\WindowsPowerShell\v1.0\;C:\Windows\System32\OpenSSH\;C:\Program Files (x86)\NVIDIA Corporation\PhysX\Common;C:\Program Files\NVIDIA Corporation\NVIDIA NvDLISR;C:\Program Files\Git\cmd;C:\Program Files (x86)\sqlite3;C:\Program Files\MySQL\MySQL Shell 8.0\bin\;C:\Users\asjad\AppData\Local\Programs\Python\Python39\Scripts\;C:\Users\asjad\AppData\Local\Programs\Python\Python39\;C:\Users\asjad\AppData\Local\Microsoft\WindowsApps;D:\Program Files\VS Code\Microsoft VS Code\bin;C:\Users\asjad\AppData\Local\GitHubDesktop\bin
USERNAME=asjad
OS=Windows_NT
PROCESSOR_IDENTIFIER=Intel64 Family 6 Model 165 Stepping 2, GenuineIntel



---------------  S Y S T E M  ---------------

OS:
 Windows 10 , 64 bit Build 19041 (10.0.19041.1023)
OS uptime: 19 days 22:52 hours

CPU: total 12 (initial active 12) (6 cores per cpu, 2 threads per core) family 6 model 165 stepping 2 microcode 0xe2, cx8, cmov, fxsr, ht, mmx, 3dnowpref, sse, sse2, sse3, ssse3, sse4.1, sse4.2, popcnt, lzcnt, tsc, tscinvbit, avx, avx2, aes, erms, clmul, bmi1, bmi2, adx, fma, vzeroupper, clflush, clflushopt

Memory: 4k page, system-wide physical 16177M (5188M free)
TotalPageFile size 39581M (AvailPageFile size 6148M)
current process WorkingSet (physical memory assigned to process): 104M, peak: 123M
current process commit charge ("private bytes"): 372M, peak: 391M

vm_info: Java HotSpot(TM) 64-Bit Server VM (16+36-2231) for windows-amd64 JRE (16+36-2231), built on Feb  8 2021 11:43:10 by "mach5one" with MS VC++ 16.7 (VS2019)

END.
